[0m2021.06.10 17:52:41 INFO  Started: Metals version 0.10.4 in workspace 'C:\Users\Donika\Desktop\FINAL PROJECT\final-project-dimi-team' for client Visual Studio Code 1.56.2.[0m
[0m2021.06.10 17:52:46 INFO  time: initialize in 4.65s[0m
[0m2021.06.10 17:52:46 WARN  Build server is not auto-connectable.[0m
[0m2021.06.10 17:52:46 WARN  no build tool detected in workspace 'C:\Users\Donika\Desktop\FINAL PROJECT\final-project-dimi-team'. The most common cause for this problem is that the editor was opened in the wrong working directory, for example if you use sbt then the workspace directory should contain build.sbt. [0m
[0m2021.06.10 22:47:52 INFO  shutting down Metals[0m
[0m2021.06.15 12:09:11 INFO  Started: Metals version 0.10.4 in workspace 'C:\Users\Donika\Desktop\FINAL PROJECT\final-project-dimi-team' for client Visual Studio Code 1.57.0.[0m
[0m2021.06.15 12:09:15 INFO  time: initialize in 3.73s[0m
[0m2021.06.15 12:09:15 WARN  Build server is not auto-connectable.[0m
[0m2021.06.15 12:09:15 WARN  no build tool detected in workspace 'C:\Users\Donika\Desktop\FINAL PROJECT\final-project-dimi-team'. The most common cause for this problem is that the editor was opened in the wrong working directory, for example if you use sbt then the workspace directory should contain build.sbt. [0m
[0m2021.06.15 19:04:01 INFO  shutting down Metals[0m
[0m2021.06.16 10:02:04 INFO  Started: Metals version 0.10.4 in workspace 'C:\Users\Donika\Desktop\FINAL PROJECT\final-project-dimi-team' for client Visual Studio Code 1.57.0.[0m
[0m2021.06.16 10:02:11 INFO  time: initialize in 6.63s[0m
[0m2021.06.16 10:02:11 WARN  Build server is not auto-connectable.[0m
[0m2021.06.16 10:02:11 WARN  no build tool detected in workspace 'C:\Users\Donika\Desktop\FINAL PROJECT\final-project-dimi-team'. The most common cause for this problem is that the editor was opened in the wrong working directory, for example if you use sbt then the workspace directory should contain build.sbt. [0m
[0m2021.06.16 15:08:13 INFO  shutting down Metals[0m
[0m2021.06.16 15:09:39 INFO  Started: Metals version 0.10.4 in workspace 'C:\Users\Donika\Desktop\FINAL PROJECT\final-project-dimi-team' for client Visual Studio Code 1.57.0.[0m
[0m2021.06.16 15:09:45 INFO  time: initialize in 6.54s[0m
[0m2021.06.16 15:09:46 WARN  Build server is not auto-connectable.[0m
[0m2021.06.16 15:09:46 WARN  no build tool detected in workspace 'C:\Users\Donika\Desktop\FINAL PROJECT\final-project-dimi-team'. The most common cause for this problem is that the editor was opened in the wrong working directory, for example if you use sbt then the workspace directory should contain build.sbt. [0m
[0m2021.06.17 18:55:06 INFO  shutting down Metals[0m
[0m2021.06.17 21:58:54 INFO  Started: Metals version 0.10.4 in workspace 'C:\Users\Donika\Desktop\FINAL PROJECT\final-project-dimi-team' for client Visual Studio Code 1.57.0.[0m
[0m2021.06.17 21:58:58 INFO  time: initialize in 4.61s[0m
[0m2021.06.17 21:58:58 WARN  Build server is not auto-connectable.[0m
[0m2021.06.17 21:58:58 WARN  no build tool detected in workspace 'C:\Users\Donika\Desktop\FINAL PROJECT\final-project-dimi-team'. The most common cause for this problem is that the editor was opened in the wrong working directory, for example if you use sbt then the workspace directory should contain build.sbt. [0m
[0m2021.06.17 23:10:23 INFO  shutting down Metals[0m
[0m2021.06.19 16:49:06 INFO  Started: Metals version 0.10.4 in workspace 'C:\Users\Donika\Desktop\FINAL PROJECT\final-project-dimi-team' for client Visual Studio Code 1.57.0.[0m
[0m2021.06.19 16:49:20 INFO  time: initialize in 14s[0m
[0m2021.06.19 16:49:20 WARN  Build server is not auto-connectable.[0m
[0m2021.06.19 16:49:20 WARN  no build tool detected in workspace 'C:\Users\Donika\Desktop\FINAL PROJECT\final-project-dimi-team'. The most common cause for this problem is that the editor was opened in the wrong working directory, for example if you use sbt then the workspace directory should contain build.sbt. [0m
[0m2021.06.19 16:57:32 INFO  shutting down Metals[0m
